<?xml version="1.0" encoding="UTF-8"?>
<!-- Generated by org.testng.reporters.JUnitReportReporter -->
<testsuite hostname="DESKTOP-VJDPDQH" failures="0" tests="1" name="runner.testrunner" time="30.079" errors="0" timestamp="3 Nov 2023 07:20:48 GMT">
  <testcase classname="runner.testrunner" name="runScenario" time="30.079"/>
</testsuite> <!-- runner.testrunner -->
